13/12/2023 12:18:11 - Backup started.
13/12/2023 12:18:11 - Performing a dry-run...
13/12/2023 12:18:11 - Directory: /home/fm/data, Size: 5.9G, Total files: 9
13/12/2023 12:18:11 - Directory: /home/fm/docs, Size: 347M, Total files: 145
13/12/2023 12:18:11 - Directory: /home/fm/Downloads, Size: 4.9G, Total files: 16
13/12/2023 12:18:11 - Directory: /home/fm/games, Size: 1.7G, Total files: 10149
13/12/2023 12:18:11 - Directory: /home/fm/language_learning, Size: 72M, Total files: 5
13/12/2023 12:18:11 - Directory: /home/fm/media, Size: 7.5G, Total files: 2716
13/12/2023 12:18:11 - Directory: /home/fm/progs, Size: 38M, Total files: 14
13/12/2023 12:18:12 - Directory: /home/fm/projects, Size: 21G, Total files: 225155
13/12/2023 12:18:12 - Directory: /home/fm/recordings, Size: 19G, Total files: 62
13/12/2023 12:18:13 - Directory: /home/fm/utils, Size: 4.6G, Total files: 94042
13/12/2023 12:18:13 - Directory: /home/fm/work, Size: 265G, Total files: 36077
13/12/2023 12:18:13 - File: /home/fm/A_black_image.jpg, Size: 776K
13/12/2023 12:18:13 - File: /home/fm/gastos.ods, Size: 12K
13/12/2023 12:18:13 - Backup completed. Elapsed time: 00:00:02
13/12/2023 12:18:13 - Backup finished.
13/12/2023 12:22:03 - Backup started.
13/12/2023 12:22:03 - Performing a dry-run...
13/12/2023 12:22:03 - Directory: /home/fm/data, Size: 5.9G, Total files: 9
13/12/2023 12:22:03 - Directory: /home/fm/docs, Size: 347M, Total files: 145
13/12/2023 12:22:03 - Directory: /home/fm/Downloads, Size: 4.9G, Total files: 16
13/12/2023 12:22:03 - Directory: /home/fm/games, Size: 1.7G, Total files: 10149
13/12/2023 12:22:03 - Directory: /home/fm/language_learning, Size: 72M, Total files: 5
13/12/2023 12:22:03 - Directory: /home/fm/media, Size: 7.5G, Total files: 2716
13/12/2023 12:22:03 - Directory: /home/fm/progs, Size: 38M, Total files: 14
13/12/2023 12:22:05 - Directory: /home/fm/projects, Size: 21G, Total files: 225155
13/12/2023 12:22:05 - Directory: /home/fm/recordings, Size: 19G, Total files: 62
13/12/2023 12:22:06 - Directory: /home/fm/utils, Size: 5.7G, Total files: 137486
13/12/2023 12:22:06 - Directory: /home/fm/work, Size: 265G, Total files: 36077
13/12/2023 12:22:06 - Directory or file /home/fm/A_black_image.jpg not found.
13/12/2023 12:22:06 - File: /home/fm/gastos.ods, Size: 12K
13/12/2023 12:22:06 - Backup completed. Elapsed time: 00:00:03
13/12/2023 12:22:06 - Backup finished.
